<?xml version="1.0" encoding="UTF-8"?>
<!-- Generated by org.testng.reporters.JUnitReportReporter -->
<testsuite skipped="0" hostname="192.168.1.3" name="com.qa.testcases.TestSolution" tests="1" failures="0" timestamp="07 Jun 2019 18:16:43 GMT" time="34.291" errors="0">
  <testcase name="signInTest" time="34.291" classname="com.qa.testcases.TestSolution"/>
</testsuite> <!-- com.qa.testcases.TestSolution -->
