<?xml version="1.0" encoding="UTF-8"?>
<!-- Generated by org.testng.reporters.JUnitReportReporter -->
<testsuite skipped="0" hostname="192.168.1.6" name="com.qa.testcases.SignInPageTest" tests="1" failures="0" timestamp="21 Apr 2019 14:28:54 GMT" time="9.128" errors="0">
  <testcase name="signInTest" time="9.128" classname="com.qa.testcases.SignInPageTest"/>
</testsuite> <!-- com.qa.testcases.SignInPageTest -->
