<?xml version="1.0" encoding="UTF-8"?>
<!-- Generated by org.testng.reporters.JUnitReportReporter -->
<testsuite skipped="0" hostname="yugainsarmasair" name="com.qa.testcases.HomePageTest" tests="1" failures="0" timestamp="20 Apr 2019 21:48:55 GMT" time="9.359" errors="0">
  <testcase name="signInPageTitleTest" time="9.359" classname="com.qa.testcases.HomePageTest"/>
</testsuite> <!-- com.qa.testcases.HomePageTest -->
