<?xml version="1.0" encoding="UTF-8"?>
<!-- Generated by org.testng.reporters.JUnitReportReporter -->
<testsuite skipped="0" hostname="yugainsarmasair" name="com.qa.testcases.TestSolution" tests="1" failures="0" timestamp="21 May 2019 18:25:40 GMT" time="37.030" errors="0">
  <testcase name="signInTest" time="37.030" classname="com.qa.testcases.TestSolution"/>
</testsuite> <!-- com.qa.testcases.TestSolution -->
